<?xml version="1.0" encoding="UTF-8"?>
<testsuite name="PatientTest" tests="2" skipped="0" failures="0" errors="0" timestamp="2016-05-03T18:36:41" hostname="epicodus-58.local" time="0.001">
  <properties/>
  <testcase name="patientsAreTheSame" classname="PatientTest" time="0.001"/>
  <testcase name="Patient_checkInstantiatesCorrectly_BobFlu" classname="PatientTest" time="0.0"/>
  <system-out><![CDATA[]]></system-out>
  <system-err><![CDATA[]]></system-err>
</testsuite>
